0 info it worked if it ends with ok
1 verbose cli [
1 verbose cli   'C:\\Program Files\\nodejs\\node.exe',
1 verbose cli   'C:\\Users\\Evan\\AppData\\Roaming\\npm\\node_modules\\npm\\bin\\npm-cli.js',
1 verbose cli   'start'
1 verbose cli ]
2 info using npm@3.10.10
3 info using node@v18.18.2
4 verbose run-script [ 'prestart', 'start', 'poststart' ]
5 info lifecycle startbootstrap-resume@7.0.6~prestart: startbootstrap-resume@7.0.6
6 silly lifecycle startbootstrap-resume@7.0.6~prestart: no script for prestart, continuing
7 info lifecycle startbootstrap-resume@7.0.6~start: startbootstrap-resume@7.0.6
8 verbose lifecycle startbootstrap-resume@7.0.6~start: unsafe-perm in lifecycle true
9 verbose lifecycle startbootstrap-resume@7.0.6~start: PATH: C:\Users\Evan\AppData\Roaming\npm\node_modules\npm\bin\node-gyp-bin;C:\Users\Evan\Documents\GitHub\startbootstrap-resume\node_modules\.bin;C:\Python312\Scripts\;C:\Python312\;C:\Program Files\Eclipse Adoptium\jdk-17.0.8.101-hotspot\bin;C:\Program Files (x86)\Razer\ChromaBroadcast\bin;C:\Program Files\Razer\ChromaBroadcast\bin;C:\Program Files (x86)\Razer Chroma SDK\bin;C:\Program Files\Razer Chroma SDK\bin;C:\Program Files\Common Files\Oracle\Java\javapath;C:\Program Files (x86)\Common Files\Oracle\Java\javapath;C:\Program Files (x86)\Common Files\Intel\Shared Libraries\redist\intel64\compiler;C:\Windows\system32;C:\Windows;C:\Windows\System32\Wbem;C:\Windows\System32\WindowsPowerShell\v1.0\;C:\Windows\System32\OpenSSH\;C:\Program Files\NVIDIA Corporation\NVIDIA NvDLISR;C:\Program Files (x86)\NVIDIA Corporation\PhysX\Common;C:\Windows\system32\config\systemprofile\AppData\Local\Microsoft\WindowsApps;C:\Users\Evan\AppData\Local\Microsoft\WindowsApps;C:\Program Files\nodejs\;C:\ProgramData\chocolatey\bin;C:\Program Files\Git\cmd;C:\Users\Evan\AppData\Local\Microsoft\WindowsApps;C:\Users\Evan\AppData\Local\Programs\Microsoft VS Code\bin;C:\Users\Evan\AppData\Roaming\npm;C:\Program Files\JetBrains\IntelliJ IDEA 2023.2.3\bin;;C:\Program Files\JetBrains\IntelliJ IDEA Community Edition 2023.2.3\bin;;C:\Users\Evan\AppData\Local\GitHubDesktop\bin
10 verbose lifecycle startbootstrap-resume@7.0.6~start: CWD: C:\Users\Evan\Documents\GitHub\startbootstrap-resume
11 silly lifecycle startbootstrap-resume@7.0.6~start: Args: [ '/d /s /c', 'npm run build && node scripts/start.js' ]
12 silly lifecycle startbootstrap-resume@7.0.6~start: Returned: code: 1  signal: null
13 info lifecycle startbootstrap-resume@7.0.6~start: Failed to exec start script
14 verbose stack Error: startbootstrap-resume@7.0.6 start: `npm run build && node scripts/start.js`
14 verbose stack Exit status 1
14 verbose stack     at EventEmitter.<anonymous> (C:\Users\Evan\AppData\Roaming\npm\node_modules\npm\lib\utils\lifecycle.js:255:16)
14 verbose stack     at EventEmitter.emit (node:events:517:28)
14 verbose stack     at ChildProcess.<anonymous> (C:\Users\Evan\AppData\Roaming\npm\node_modules\npm\lib\utils\spawn.js:40:14)
14 verbose stack     at ChildProcess.emit (node:events:517:28)
14 verbose stack     at maybeClose (node:internal/child_process:1098:16)
14 verbose stack     at ChildProcess._handle.onexit (node:internal/child_process:303:5)
15 verbose pkgid startbootstrap-resume@7.0.6
16 verbose cwd C:\Users\Evan\Documents\GitHub\startbootstrap-resume
17 error Windows_NT 10.0.22621
18 error argv "C:\\Program Files\\nodejs\\node.exe" "C:\\Users\\Evan\\AppData\\Roaming\\npm\\node_modules\\npm\\bin\\npm-cli.js" "start"
19 error node v18.18.2
20 error npm  v3.10.10
21 error code ELIFECYCLE
22 error startbootstrap-resume@7.0.6 start: `npm run build && node scripts/start.js`
22 error Exit status 1
23 error Failed at the startbootstrap-resume@7.0.6 start script 'npm run build && node scripts/start.js'.
23 error Make sure you have the latest version of node.js and npm installed.
23 error If you do, this is most likely a problem with the startbootstrap-resume package,
23 error not with npm itself.
23 error Tell the author that this fails on your system:
23 error     npm run build && node scripts/start.js
23 error You can get information on how to open an issue for this project with:
23 error     npm bugs startbootstrap-resume
23 error Or if that isn't available, you can get their info via:
23 error     npm owner ls startbootstrap-resume
23 error There is likely additional logging output above.
24 verbose exit [ 1, true ]
